2023-09-25 16:43:48 - Starting C:\Program Files\nodejs\node.exe  --harmony C:\github\fileWatcher\node_modules\node-windows\lib\wrapper.js --file C:\github\fileWatcher\index.js --scriptoptions= --log "Service name wrapper" --grow 0.25 --wait 1 --maxrestarts 3 --abortonerror n --stopparentfirst undefined
2023-09-25 16:43:48 - Started 19912
2023-09-28 15:20:34 - Stopping servicename.exe
2023-09-28 15:20:34 - ProcessKill 19912
2023-09-28 15:20:34 - Shutdown exception
Message:A system shutdown is in progress.

Stacktrace:   at System.Runtime.InteropServices.Marshal.ThrowExceptionForHRInternal(Int32 errorCode, IntPtr errorInfo)
   at System.Management.ManagementScope.InitializeGuts(Object o)
   at System.Management.ManagementScope.Initialize()
   at System.Management.ManagementObjectSearcher.Initialize()
   at System.Management.ManagementObjectSearcher.Get()
   at winsw.WrapperService.GetChildPids(Int32 pid)
   at winsw.WrapperService.StopProcessAndChildren(Int32 pid)
   at winsw.WrapperService.StopIt()
   at winsw.WrapperService.OnShutdown()
2023-09-28 15:21:25 - Starting C:\Program Files\nodejs\node.exe  --harmony C:\github\fileWatcher\node_modules\node-windows\lib\wrapper.js --file C:\github\fileWatcher\index.js --scriptoptions= --log "Service name wrapper" --grow 0.25 --wait 1 --maxrestarts 3 --abortonerror n --stopparentfirst undefined
2023-09-28 15:21:25 - Started 7568
2023-09-28 15:23:48 - Stopping servicename.exe
2023-09-28 15:23:48 - ProcessKill 7568
2023-09-28 15:23:48 - Shutdown exception
Message:A system shutdown is in progress.

Stacktrace:   at System.Runtime.InteropServices.Marshal.ThrowExceptionForHRInternal(Int32 errorCode, IntPtr errorInfo)
   at System.Management.ManagementScope.InitializeGuts(Object o)
   at System.Management.ManagementScope.Initialize()
   at System.Management.ManagementObjectSearcher.Initialize()
   at System.Management.ManagementObjectSearcher.Get()
   at winsw.WrapperService.GetChildPids(Int32 pid)
   at winsw.WrapperService.StopProcessAndChildren(Int32 pid)
   at winsw.WrapperService.StopIt()
   at winsw.WrapperService.OnShutdown()
2023-09-28 15:25:10 - Starting C:\Program Files\nodejs\node.exe  --harmony C:\github\fileWatcher\node_modules\node-windows\lib\wrapper.js --file C:\github\fileWatcher\index.js --scriptoptions= --log "Service name wrapper" --grow 0.25 --wait 1 --maxrestarts 3 --abortonerror n --stopparentfirst undefined
2023-09-28 15:25:10 - Started 776
2023-10-05 16:30:09 - Stopping servicename.exe
2023-10-05 16:30:09 - ProcessKill 776
2023-10-05 16:30:09 - Shutdown exception
Message:A system shutdown is in progress.

Stacktrace:   at System.Runtime.InteropServices.Marshal.ThrowExceptionForHRInternal(Int32 errorCode, IntPtr errorInfo)
   at System.Management.ManagementScope.InitializeGuts(Object o)
   at System.Management.ManagementScope.Initialize()
   at System.Management.ManagementObjectSearcher.Initialize()
   at System.Management.ManagementObjectSearcher.Get()
   at winsw.WrapperService.GetChildPids(Int32 pid)
   at winsw.WrapperService.StopProcessAndChildren(Int32 pid)
   at winsw.WrapperService.StopIt()
   at winsw.WrapperService.OnShutdown()
2023-10-05 16:31:10 - Starting C:\Program Files\nodejs\node.exe  --harmony C:\github\fileWatcher\node_modules\node-windows\lib\wrapper.js --file C:\github\fileWatcher\index.js --scriptoptions= --log "Service name wrapper" --grow 0.25 --wait 1 --maxrestarts 3 --abortonerror n --stopparentfirst undefined
2023-10-05 16:31:11 - Started 7716
2023-10-11 09:17:41 - Starting C:\Program Files\nodejs\node.exe  --harmony C:\github\fileWatcher\node_modules\node-windows\lib\wrapper.js --file C:\github\fileWatcher\index.js --scriptoptions= --log "Service name wrapper" --grow 0.25 --wait 1 --maxrestarts 3 --abortonerror n --stopparentfirst undefined
2023-10-11 09:17:41 - Started 6836
2023-10-25 15:57:33 - Stopping servicename.exe
2023-10-25 15:57:33 - ProcessKill 6836
2023-10-25 15:57:33 - Shutdown exception
Message:A system shutdown is in progress.

Stacktrace:   at System.Runtime.InteropServices.Marshal.ThrowExceptionForHRInternal(Int32 errorCode, IntPtr errorInfo)
   at System.Management.ManagementScope.InitializeGuts(Object o)
   at System.Management.ManagementScope.Initialize()
   at System.Management.ManagementObjectSearcher.Initialize()
   at System.Management.ManagementObjectSearcher.Get()
   at winsw.WrapperService.GetChildPids(Int32 pid)
   at winsw.WrapperService.StopProcessAndChildren(Int32 pid)
   at winsw.WrapperService.StopIt()
   at winsw.WrapperService.OnShutdown()
2023-10-25 15:58:25 - Starting C:\Program Files\nodejs\node.exe  --harmony C:\github\fileWatcher\node_modules\node-windows\lib\wrapper.js --file C:\github\fileWatcher\index.js --scriptoptions= --log "Service name wrapper" --grow 0.25 --wait 1 --maxrestarts 3 --abortonerror n --stopparentfirst undefined
2023-10-25 15:58:25 - Started 7628
2023-10-25 15:58:41 - Stopping servicename.exe
2023-10-25 15:58:41 - ProcessKill 7628
2023-10-25 15:58:41 - Shutdown exception
Message:A system shutdown is in progress.

Stacktrace:   at System.Runtime.InteropServices.Marshal.ThrowExceptionForHRInternal(Int32 errorCode, IntPtr errorInfo)
   at System.Management.ManagementScope.InitializeGuts(Object o)
   at System.Management.ManagementScope.Initialize()
   at System.Management.ManagementObjectSearcher.Initialize()
   at System.Management.ManagementObjectSearcher.Get()
   at winsw.WrapperService.GetChildPids(Int32 pid)
   at winsw.WrapperService.StopProcessAndChildren(Int32 pid)
   at winsw.WrapperService.StopIt()
   at winsw.WrapperService.OnShutdown()
2023-10-26 09:15:21 - Starting C:\Program Files\nodejs\node.exe  --harmony C:\github\fileWatcher\node_modules\node-windows\lib\wrapper.js --file C:\github\fileWatcher\index.js --scriptoptions= --log "Service name wrapper" --grow 0.25 --wait 1 --maxrestarts 3 --abortonerror n --stopparentfirst undefined
2023-10-26 09:15:21 - Started 6700
2023-10-27 16:37:00 - Stopping servicename.exe
2023-10-27 16:37:00 - ProcessKill 6700
2023-10-27 16:37:00 - Shutdown exception
Message:A system shutdown is in progress.

Stacktrace:   at System.Runtime.InteropServices.Marshal.ThrowExceptionForHRInternal(Int32 errorCode, IntPtr errorInfo)
   at System.Management.ManagementScope.InitializeGuts(Object o)
   at System.Management.ManagementScope.Initialize()
   at System.Management.ManagementObjectSearcher.Initialize()
   at System.Management.ManagementObjectSearcher.Get()
   at winsw.WrapperService.GetChildPids(Int32 pid)
   at winsw.WrapperService.StopProcessAndChildren(Int32 pid)
   at winsw.WrapperService.StopIt()
   at winsw.WrapperService.OnShutdown()
2023-10-27 16:37:58 - Starting C:\Program Files\nodejs\node.exe  --harmony C:\github\fileWatcher\node_modules\node-windows\lib\wrapper.js --file C:\github\fileWatcher\index.js --scriptoptions= --log "Service name wrapper" --grow 0.25 --wait 1 --maxrestarts 3 --abortonerror n --stopparentfirst undefined
2023-10-27 16:37:59 - Started 6824
2023-10-27 16:40:16 - Stopping servicename.exe
2023-10-27 16:40:16 - ProcessKill 6824
2023-10-27 16:40:16 - Shutdown exception
Message:A system shutdown is in progress.

Stacktrace:   at System.Runtime.InteropServices.Marshal.ThrowExceptionForHRInternal(Int32 errorCode, IntPtr errorInfo)
   at System.Management.ManagementScope.InitializeGuts(Object o)
   at System.Management.ManagementScope.Initialize()
   at System.Management.ManagementObjectSearcher.Initialize()
   at System.Management.ManagementObjectSearcher.Get()
   at winsw.WrapperService.GetChildPids(Int32 pid)
   at winsw.WrapperService.StopProcessAndChildren(Int32 pid)
   at winsw.WrapperService.StopIt()
   at winsw.WrapperService.OnShutdown()
2023-10-29 16:37:32 - Starting C:\Program Files\nodejs\node.exe  --harmony C:\github\fileWatcher\node_modules\node-windows\lib\wrapper.js --file C:\github\fileWatcher\index.js --scriptoptions= --log "Service name wrapper" --grow 0.25 --wait 1 --maxrestarts 3 --abortonerror n --stopparentfirst undefined
2023-10-29 16:37:33 - Started 7828
2023-11-24 11:04:01 - Stopping servicename.exe
2023-11-24 11:04:01 - ProcessKill 7828
2023-11-24 11:04:01 - Shutdown exception
Message:A system shutdown is in progress.

Stacktrace:   at System.Runtime.InteropServices.Marshal.ThrowExceptionForHRInternal(Int32 errorCode, IntPtr errorInfo)
   at System.Management.ManagementScope.InitializeGuts(Object o)
   at System.Management.ManagementScope.Initialize()
   at System.Management.ManagementObjectSearcher.Initialize()
   at System.Management.ManagementObjectSearcher.Get()
   at winsw.WrapperService.GetChildPids(Int32 pid)
   at winsw.WrapperService.StopProcessAndChildren(Int32 pid)
   at winsw.WrapperService.StopIt()
   at winsw.WrapperService.OnShutdown()
2023-11-24 11:04:54 - Starting C:\Program Files\nodejs\node.exe  --harmony C:\github\fileWatcher\node_modules\node-windows\lib\wrapper.js --file C:\github\fileWatcher\index.js --scriptoptions= --log "Service name wrapper" --grow 0.25 --wait 1 --maxrestarts 3 --abortonerror n --stopparentfirst undefined
2023-11-24 11:04:54 - Started 8124
2023-12-08 09:27:21 - Stopping servicename.exe
2023-12-08 09:27:21 - ProcessKill 8124
2023-12-08 09:27:21 - Shutdown exception
Message:A system shutdown is in progress.

Stacktrace:   at System.Runtime.InteropServices.Marshal.ThrowExceptionForHRInternal(Int32 errorCode, IntPtr errorInfo)
   at System.Management.ManagementScope.InitializeGuts(Object o)
   at System.Management.ManagementScope.Initialize()
   at System.Management.ManagementObjectSearcher.Initialize()
   at System.Management.ManagementObjectSearcher.Get()
   at winsw.WrapperService.GetChildPids(Int32 pid)
   at winsw.WrapperService.StopProcessAndChildren(Int32 pid)
   at winsw.WrapperService.StopIt()
   at winsw.WrapperService.OnShutdown()
2023-12-08 09:28:15 - Starting C:\Program Files\nodejs\node.exe  --harmony C:\github\fileWatcher\node_modules\node-windows\lib\wrapper.js --file C:\github\fileWatcher\index.js --scriptoptions= --log "Service name wrapper" --grow 0.25 --wait 1 --maxrestarts 3 --abortonerror n --stopparentfirst undefined
2023-12-08 09:28:15 - Started 7976
2024-01-03 09:57:13 - Stopping servicename.exe
2024-01-03 09:57:13 - ProcessKill 7976
2024-01-03 09:57:13 - Shutdown exception
Message:A system shutdown is in progress.

Stacktrace:   at System.Runtime.InteropServices.Marshal.ThrowExceptionForHRInternal(Int32 errorCode, IntPtr errorInfo)
   at System.Management.ManagementScope.InitializeGuts(Object o)
   at System.Management.ManagementScope.Initialize()
   at System.Management.ManagementObjectSearcher.Initialize()
   at System.Management.ManagementObjectSearcher.Get()
   at winsw.WrapperService.GetChildPids(Int32 pid)
   at winsw.WrapperService.StopProcessAndChildren(Int32 pid)
   at winsw.WrapperService.StopIt()
   at winsw.WrapperService.OnShutdown()
2024-01-03 09:58:02 - Starting C:\Program Files\nodejs\node.exe  --harmony C:\github\fileWatcher\node_modules\node-windows\lib\wrapper.js --file C:\github\fileWatcher\index.js --scriptoptions= --log "Service name wrapper" --grow 0.25 --wait 1 --maxrestarts 3 --abortonerror n --stopparentfirst undefined
2024-01-03 09:58:03 - Started 7648
2024-01-09 15:29:08 - Stopping servicename.exe
2024-01-09 15:29:08 - ProcessKill 7648
2024-01-09 15:29:08 - Shutdown exception
Message:A system shutdown is in progress.

Stacktrace:   at System.Runtime.InteropServices.Marshal.ThrowExceptionForHRInternal(Int32 errorCode, IntPtr errorInfo)
   at System.Management.ManagementScope.InitializeGuts(Object o)
   at System.Management.ManagementScope.Initialize()
   at System.Management.ManagementObjectSearcher.Initialize()
   at System.Management.ManagementObjectSearcher.Get()
   at winsw.WrapperService.GetChildPids(Int32 pid)
   at winsw.WrapperService.StopProcessAndChildren(Int32 pid)
   at winsw.WrapperService.StopIt()
   at winsw.WrapperService.OnShutdown()
2024-01-09 15:29:54 - Starting C:\Program Files\nodejs\node.exe  --harmony C:\github\fileWatcher\node_modules\node-windows\lib\wrapper.js --file C:\github\fileWatcher\index.js --scriptoptions= --log "Service name wrapper" --grow 0.25 --wait 1 --maxrestarts 3 --abortonerror n --stopparentfirst undefined
2024-01-09 15:29:54 - Started 7848
2024-01-10 14:49:03 - Starting C:\Program Files\nodejs\node.exe  --harmony C:\github\fileWatcher\node_modules\node-windows\lib\wrapper.js --file C:\github\fileWatcher\index.js --scriptoptions= --log "Service name wrapper" --grow 0.25 --wait 1 --maxrestarts 3 --abortonerror n --stopparentfirst undefined
2024-01-10 14:49:03 - Started 7476
2024-01-15 08:39:05 - Starting C:\Program Files\nodejs\node.exe  --harmony C:\github\fileWatcher\node_modules\node-windows\lib\wrapper.js --file C:\github\fileWatcher\index.js --scriptoptions= --log "Service name wrapper" --grow 0.25 --wait 1 --maxrestarts 3 --abortonerror n --stopparentfirst undefined
2024-01-15 08:39:05 - Started 7504
2024-01-23 11:19:31 - Stopping servicename.exe
2024-01-23 11:19:31 - ProcessKill 7504
2024-01-23 11:19:31 - Shutdown exception
Message:A system shutdown is in progress.

Stacktrace:   at System.Runtime.InteropServices.Marshal.ThrowExceptionForHRInternal(Int32 errorCode, IntPtr errorInfo)
   at System.Management.ManagementScope.InitializeGuts(Object o)
   at System.Management.ManagementScope.Initialize()
   at System.Management.ManagementObjectSearcher.Initialize()
   at System.Management.ManagementObjectSearcher.Get()
   at winsw.WrapperService.GetChildPids(Int32 pid)
   at winsw.WrapperService.StopProcessAndChildren(Int32 pid)
   at winsw.WrapperService.StopIt()
   at winsw.WrapperService.OnShutdown()
2024-01-23 11:20:20 - Starting C:\Program Files\nodejs\node.exe  --harmony C:\github\fileWatcher\node_modules\node-windows\lib\wrapper.js --file C:\github\fileWatcher\index.js --scriptoptions= --log "Service name wrapper" --grow 0.25 --wait 1 --maxrestarts 3 --abortonerror n --stopparentfirst undefined
2024-01-23 11:20:20 - Started 7760
2024-01-29 16:31:10 - Stopping servicename.exe
2024-01-29 16:31:10 - ProcessKill 7760
2024-01-29 16:31:10 - Shutdown exception
Message:A system shutdown is in progress.

Stacktrace:   at System.Runtime.InteropServices.Marshal.ThrowExceptionForHRInternal(Int32 errorCode, IntPtr errorInfo)
   at System.Management.ManagementScope.InitializeGuts(Object o)
   at System.Management.ManagementScope.Initialize()
   at System.Management.ManagementObjectSearcher.Initialize()
   at System.Management.ManagementObjectSearcher.Get()
   at winsw.WrapperService.GetChildPids(Int32 pid)
   at winsw.WrapperService.StopProcessAndChildren(Int32 pid)
   at winsw.WrapperService.StopIt()
   at winsw.WrapperService.OnShutdown()
2024-01-29 16:31:54 - Starting C:\Program Files\nodejs\node.exe  --harmony C:\github\fileWatcher\node_modules\node-windows\lib\wrapper.js --file C:\github\fileWatcher\index.js --scriptoptions= --log "Service name wrapper" --grow 0.25 --wait 1 --maxrestarts 3 --abortonerror n --stopparentfirst undefined
2024-01-29 16:31:54 - Started 8344
2024-01-30 11:47:14 - Starting C:\Program Files\nodejs\node.exe  --harmony C:\github\fileWatcher\node_modules\node-windows\lib\wrapper.js --file C:\github\fileWatcher\index.js --scriptoptions= --log "Service name wrapper" --grow 0.25 --wait 1 --maxrestarts 3 --abortonerror n --stopparentfirst undefined
2024-01-30 11:47:14 - Started 7724
2024-02-06 08:53:44 - Stopping servicename.exe
2024-02-06 08:53:44 - ProcessKill 7724
2024-02-06 08:53:44 - Shutdown exception
Message:A system shutdown is in progress.

Stacktrace:   at System.Runtime.InteropServices.Marshal.ThrowExceptionForHRInternal(Int32 errorCode, IntPtr errorInfo)
   at System.Management.ManagementScope.InitializeGuts(Object o)
   at System.Management.ManagementScope.Initialize()
   at System.Management.ManagementObjectSearcher.Initialize()
   at System.Management.ManagementObjectSearcher.Get()
   at winsw.WrapperService.GetChildPids(Int32 pid)
   at winsw.WrapperService.StopProcessAndChildren(Int32 pid)
   at winsw.WrapperService.StopIt()
   at winsw.WrapperService.OnShutdown()
2024-02-06 08:54:34 - Starting C:\Program Files\nodejs\node.exe  --harmony C:\github\fileWatcher\node_modules\node-windows\lib\wrapper.js --file C:\github\fileWatcher\index.js --scriptoptions= --log "Service name wrapper" --grow 0.25 --wait 1 --maxrestarts 3 --abortonerror n --stopparentfirst undefined
2024-02-06 08:54:35 - Started 7816
2024-02-07 14:38:01 - Stopping servicename.exe
2024-02-07 14:38:01 - ProcessKill 7816
2024-02-07 14:38:01 - Shutdown exception
Message:A system shutdown is in progress.

Stacktrace:   at System.Runtime.InteropServices.Marshal.ThrowExceptionForHRInternal(Int32 errorCode, IntPtr errorInfo)
   at System.Management.ManagementScope.InitializeGuts(Object o)
   at System.Management.ManagementScope.Initialize()
   at System.Management.ManagementObjectSearcher.Initialize()
   at System.Management.ManagementObjectSearcher.Get()
   at winsw.WrapperService.GetChildPids(Int32 pid)
   at winsw.WrapperService.StopProcessAndChildren(Int32 pid)
   at winsw.WrapperService.StopIt()
   at winsw.WrapperService.OnShutdown()
2024-02-07 14:38:54 - Starting C:\Program Files\nodejs\node.exe  --harmony C:\github\fileWatcher\node_modules\node-windows\lib\wrapper.js --file C:\github\fileWatcher\index.js --scriptoptions= --log "Service name wrapper" --grow 0.25 --wait 1 --maxrestarts 3 --abortonerror n --stopparentfirst undefined
2024-02-07 14:38:54 - Started 8128
2024-02-07 14:43:27 - Stopping servicename.exe
2024-02-07 14:43:27 - ProcessKill 8128
2024-02-07 14:43:27 - Shutdown exception
Message:A system shutdown is in progress.

Stacktrace:   at System.Runtime.InteropServices.Marshal.ThrowExceptionForHRInternal(Int32 errorCode, IntPtr errorInfo)
   at System.Management.ManagementScope.InitializeGuts(Object o)
   at System.Management.ManagementScope.Initialize()
   at System.Management.ManagementObjectSearcher.Initialize()
   at System.Management.ManagementObjectSearcher.Get()
   at winsw.WrapperService.GetChildPids(Int32 pid)
   at winsw.WrapperService.StopProcessAndChildren(Int32 pid)
   at winsw.WrapperService.StopIt()
   at winsw.WrapperService.OnShutdown()
2024-02-07 14:44:13 - Starting C:\Program Files\nodejs\node.exe  --harmony C:\github\fileWatcher\node_modules\node-windows\lib\wrapper.js --file C:\github\fileWatcher\index.js --scriptoptions= --log "Service name wrapper" --grow 0.25 --wait 1 --maxrestarts 3 --abortonerror n --stopparentfirst undefined
2024-02-07 14:44:13 - Started 7852
2024-02-08 12:57:00 - Starting C:\Program Files\nodejs\node.exe  --harmony C:\github\fileWatcher\node_modules\node-windows\lib\wrapper.js --file C:\github\fileWatcher\index.js --scriptoptions= --log "Service name wrapper" --grow 0.25 --wait 1 --maxrestarts 3 --abortonerror n --stopparentfirst undefined
2024-02-08 12:57:00 - Started 7360
2024-02-15 08:54:33 - Starting C:\Program Files\nodejs\node.exe  --harmony C:\github\fileWatcher\node_modules\node-windows\lib\wrapper.js --file C:\github\fileWatcher\index.js --scriptoptions= --log "Service name wrapper" --grow 0.25 --wait 1 --maxrestarts 3 --abortonerror n --stopparentfirst undefined
2024-02-15 08:54:34 - Started 7516
2024-02-26 09:30:20 - Stopping servicename.exe
2024-02-26 09:30:20 - ProcessKill 7516
2024-02-26 09:30:20 - Shutdown exception
Message:A system shutdown is in progress.

Stacktrace:   at System.Runtime.InteropServices.Marshal.ThrowExceptionForHRInternal(Int32 errorCode, IntPtr errorInfo)
   at System.Management.ManagementScope.InitializeGuts(Object o)
   at System.Management.ManagementScope.Initialize()
   at System.Management.ManagementObjectSearcher.Initialize()
   at System.Management.ManagementObjectSearcher.Get()
   at winsw.WrapperService.GetChildPids(Int32 pid)
   at winsw.WrapperService.StopProcessAndChildren(Int32 pid)
   at winsw.WrapperService.StopIt()
   at winsw.WrapperService.OnShutdown()
2024-02-26 09:31:10 - Starting C:\Program Files\nodejs\node.exe  --harmony C:\github\fileWatcher\node_modules\node-windows\lib\wrapper.js --file C:\github\fileWatcher\index.js --scriptoptions= --log "Service name wrapper" --grow 0.25 --wait 1 --maxrestarts 3 --abortonerror n --stopparentfirst undefined
2024-02-26 09:31:11 - Started 7576
2024-02-28 12:06:39 - Starting C:\Program Files\nodejs\node.exe  --harmony C:\github\fileWatcher\node_modules\node-windows\lib\wrapper.js --file C:\github\fileWatcher\index.js --scriptoptions= --log "Service name wrapper" --grow 0.25 --wait 1 --maxrestarts 3 --abortonerror n --stopparentfirst undefined
2024-02-28 12:06:39 - Started 7632
2024-02-29 14:36:12 - Stopping servicename.exe
2024-02-29 14:36:12 - ProcessKill 7632
2024-02-29 14:36:12 - Shutdown exception
Message:A system shutdown is in progress.

Stacktrace:   at System.Runtime.InteropServices.Marshal.ThrowExceptionForHRInternal(Int32 errorCode, IntPtr errorInfo)
   at System.Management.ManagementScope.InitializeGuts(Object o)
   at System.Management.ManagementScope.Initialize()
   at System.Management.ManagementObjectSearcher.Initialize()
   at System.Management.ManagementObjectSearcher.Get()
   at winsw.WrapperService.GetChildPids(Int32 pid)
   at winsw.WrapperService.StopProcessAndChildren(Int32 pid)
   at winsw.WrapperService.StopIt()
   at winsw.WrapperService.OnShutdown()
2024-02-29 14:39:21 - Starting C:\Program Files\nodejs\node.exe  --harmony C:\github\fileWatcher\node_modules\node-windows\lib\wrapper.js --file C:\github\fileWatcher\index.js --scriptoptions= --log "Service name wrapper" --grow 0.25 --wait 1 --maxrestarts 3 --abortonerror n --stopparentfirst undefined
2024-02-29 14:39:21 - Started 7816
2024-02-29 15:43:52 - Starting C:\Program Files\nodejs\node.exe  --harmony C:\github\fileWatcher\node_modules\node-windows\lib\wrapper.js --file C:\github\fileWatcher\index.js --scriptoptions= --log "Service name wrapper" --grow 0.25 --wait 1 --maxrestarts 3 --abortonerror n --stopparentfirst undefined
2024-02-29 15:43:53 - Started 7824
2024-03-01 15:45:14 - Stopping servicename.exe
2024-03-01 15:45:14 - ProcessKill 7824
2024-03-01 15:45:14 - Shutdown exception
Message:A system shutdown is in progress.

Stacktrace:   at System.Runtime.InteropServices.Marshal.ThrowExceptionForHRInternal(Int32 errorCode, IntPtr errorInfo)
   at System.Management.ManagementScope.InitializeGuts(Object o)
   at System.Management.ManagementScope.Initialize()
   at System.Management.ManagementObjectSearcher.Initialize()
   at System.Management.ManagementObjectSearcher.Get()
   at winsw.WrapperService.GetChildPids(Int32 pid)
   at winsw.WrapperService.StopProcessAndChildren(Int32 pid)
   at winsw.WrapperService.StopIt()
   at winsw.WrapperService.OnShutdown()
2024-03-01 15:46:00 - Starting C:\Program Files\nodejs\node.exe  --harmony C:\github\fileWatcher\node_modules\node-windows\lib\wrapper.js --file C:\github\fileWatcher\index.js --scriptoptions= --log "Service name wrapper" --grow 0.25 --wait 1 --maxrestarts 3 --abortonerror n --stopparentfirst undefined
2024-03-01 15:46:00 - Started 7708
2024-03-05 09:09:33 - Starting C:\Program Files\nodejs\node.exe  --harmony C:\github\fileWatcher\node_modules\node-windows\lib\wrapper.js --file C:\github\fileWatcher\index.js --scriptoptions= --log "Service name wrapper" --grow 0.25 --wait 1 --maxrestarts 3 --abortonerror n --stopparentfirst undefined
2024-03-05 09:09:33 - Started 7908
2024-03-06 09:14:03 - Stopping servicename.exe
2024-03-06 09:14:03 - ProcessKill 7908
2024-03-06 09:14:03 - Shutdown exception
Message:A system shutdown is in progress.

Stacktrace:   at System.Runtime.InteropServices.Marshal.ThrowExceptionForHRInternal(Int32 errorCode, IntPtr errorInfo)
   at System.Management.ManagementScope.InitializeGuts(Object o)
   at System.Management.ManagementScope.Initialize()
   at System.Management.ManagementObjectSearcher.Initialize()
   at System.Management.ManagementObjectSearcher.Get()
   at winsw.WrapperService.GetChildPids(Int32 pid)
   at winsw.WrapperService.StopProcessAndChildren(Int32 pid)
   at winsw.WrapperService.StopIt()
   at winsw.WrapperService.OnShutdown()
2024-03-06 09:14:50 - Starting C:\Program Files\nodejs\node.exe  --harmony C:\github\fileWatcher\node_modules\node-windows\lib\wrapper.js --file C:\github\fileWatcher\index.js --scriptoptions= --log "Service name wrapper" --grow 0.25 --wait 1 --maxrestarts 3 --abortonerror n --stopparentfirst undefined
2024-03-06 09:14:50 - Started 7688
2024-03-08 13:13:41 - Stopping servicename.exe
2024-03-08 13:13:41 - ProcessKill 7688
2024-03-08 13:13:41 - Shutdown exception
Message:A system shutdown is in progress.

Stacktrace:   at System.Runtime.InteropServices.Marshal.ThrowExceptionForHRInternal(Int32 errorCode, IntPtr errorInfo)
   at System.Management.ManagementScope.InitializeGuts(Object o)
   at System.Management.ManagementScope.Initialize()
   at System.Management.ManagementObjectSearcher.Initialize()
   at System.Management.ManagementObjectSearcher.Get()
   at winsw.WrapperService.GetChildPids(Int32 pid)
   at winsw.WrapperService.StopProcessAndChildren(Int32 pid)
   at winsw.WrapperService.StopIt()
   at winsw.WrapperService.OnShutdown()
2024-03-08 13:14:28 - Starting C:\Program Files\nodejs\node.exe  --harmony C:\github\fileWatcher\node_modules\node-windows\lib\wrapper.js --file C:\github\fileWatcher\index.js --scriptoptions= --log "Service name wrapper" --grow 0.25 --wait 1 --maxrestarts 3 --abortonerror n --stopparentfirst undefined
2024-03-08 13:14:28 - Started 7880
2024-03-11 15:41:34 - Starting C:\Program Files\nodejs\node.exe  --harmony C:\github\fileWatcher\node_modules\node-windows\lib\wrapper.js --file C:\github\fileWatcher\index.js --scriptoptions= --log "Service name wrapper" --grow 0.25 --wait 1 --maxrestarts 3 --abortonerror n --stopparentfirst undefined
2024-03-11 15:41:34 - Started 7536
2024-03-12 09:38:18 - Starting C:\Program Files\nodejs\node.exe  --harmony C:\github\fileWatcher\node_modules\node-windows\lib\wrapper.js --file C:\github\fileWatcher\index.js --scriptoptions= --log "Service name wrapper" --grow 0.25 --wait 1 --maxrestarts 3 --abortonerror n --stopparentfirst undefined
2024-03-12 09:38:18 - Started 7468
